BluiseIPTV/app/proguard-rules.pro
# 🚀 KEEP RULES FOR NEXTLIB FFMPEG ENGINE (JNI / NATIVE)
-keep class io.github.anilbeesetti.nextlib.** { *; }
-keep class androidx.media3.decoder.ffmpeg.** { *; }