BluiseIPTV/app/build/outputs/mapping/release/seeds.txt
com.bluise.iptv.MainActivity
com.bluise.iptv.SettingsActivity
com.bluise.iptv.MainActivity: MainActivity()
com.bluise.iptv.SettingsActivity: SettingsActivity()
...
androidx.constraintlayout.widget.ConstraintLayout: int getMaxHeight()
androidx.constraintlayout.helper.widget.Flow: void setPaddingTop(int)
androidx.coordinatorlayout.widget.CoordinatorLayout: void setVisibility(int)
androidx.core.widget.NestedScrollView: int getNestedScrollAxes()
androidx.recyclerview.widget.RecyclerView$Adapter$StateRestorationPolicy: androidx.recyclerview.widget.RecyclerView$Adapter$StateRestorationPolicy[] values()
com.google.android.material.button.MaterialButton: void setIcon(android.graphics.drawable.Drawable)
androidx.core.view.WindowInsetsCompat$Impl20: androidx.core.graphics.Insets getSystemWindowInsets()
androidx.appcompat.view.WindowCallbackWrapper$Api26Impl: void onPointerCaptureChanged(android.view.Window$Callback,boolean)
com.google.common.collect.Iterators$EmptyModifiableIterator: com.google.common.collect.Iterators$EmptyModifiableIterator valueOf(java.lang.String)
androidx.appcompat.widget.Toolbar: Toolbar(android.content.Context,android.util.AttributeSet)
com.google.android.material.chip.Chip: void setCheckedIcon(android.graphics.drawable.Drawable)
com.google.android.material.chip.Chip: android.content.res.ColorStateList getChipBackgroundColor()
androidx.appcompat.widget.SearchView$Api29Impl: void setInputMethodMode(androidx.appcompat.widget.SearchView$SearchAutoComplete,int)
androidx.recyclerview.widget.RecyclerView: int getMinFlingVelocity()
com.google.android.material.chip.Chip: void setChipIconVisible(boolean)
com.google.android.material.search.SearchBar$ScrollingViewBehavior: SearchBar$ScrollingViewBehavior(android.content.Context,android.util.AttributeSet)
androidx.lifecycle.Lifecycle$State: androidx.lifecycle.Lifecycle$State[] values()
androidx.appcompat.widget.AppCompatCheckBox: void setAllCaps(boolean)
com.bumptech.glide.load.DecodeFormat: com.bumptech.glide.load.DecodeFormat valueOf(java.lang.String)
androidx.core.view.WindowInsetsCompat$Impl21: androidx.core.graphics.Insets getStableInsets()
androidx.appcompat.widget.LinearLayoutCompat: int getGravity()
com.google.android.material.appbar.MaterialToolbar: MaterialToolbar(android.content.Context,android.util.AttributeSet)
androidx.core.widget.NestedScrollView: void setSmoothScrollingEnabled(boolean)
com.google.android.material.datepicker.MaterialTextInputPicker: MaterialTextInputPicker()
com.google.android.material.internal.CheckableImageButton: void setChecked(boolean)
androidx.constraintlayout.widget.ConstraintLayout: void setMinWidth(int)
androidx.appcompat.widget.ViewStubCompat: void setLayoutInflater(android.view.LayoutInflater)
com.google.android.material.textfield.TextInputLayout: void setLengthCounter(com.google.android.material.textfield.TextInputLayout$LengthCounter)
com.google.android.material.textfield.MaterialAutoCompleteTextView: void setRawInputType(int)
androidx.core.view.WindowInsetsCompat$Impl: androidx.core.view.WindowInsetsCompat consumeDisplayCutout()
androidx.constraintlayout.widget.ConstraintAttribute$AttributeType: androidx.constraintlayout.widget.ConstraintAttribute$AttributeType valueOf(java.lang.String)
androidx.appcompat.widget.SearchView$SearchAutoComplete: int getSearchViewTextMinWidthDp()
androidx.media3.ui.PlayerView: void setFullscreenButtonState(boolean)
androidx.transition.ViewUtilsApi19$Api29Impl: void setTransitionAlpha(android.view.View,float)
com.google.android.material.chip.Chip: void setCloseIconVisible(boolean)
androidx.appcompat.widget.Toolbar: androidx.appcompat.widget.ActionMenuPresenter getOuterActionMenuPresenter()
com.google.android.material.textfield.TextInputLayout: int getBoxBackgroundColor()
com.google.android.material.textfield.TextInputLayout: void setStartIconScaleType(android.widget.ImageView$ScaleType)
androidx.appcompat.widget.AppCompatImageView: void setBackgroundDrawable(android.graphics.drawable.Drawable)
androidx.appcompat.widget.Toolbar: int getCurrentContentInsetEnd()
androidx.vectordrawable.graphics.drawable.VectorDrawableCompat$VGroup: void setRotation(float)