BluiseIPTV/app/build/outputs/mapping/release/usage.txt
com.bluise.iptv.MainActivity:
    public final java.util.ArrayList getAllChannels()
    public final android.widget.Button getBtnBack()
    public final android.widget.Button getBtnFullscreen()
    public final android.widget.Button getBtnFwd()
    public final android.widget.Button getBtnQuality()
    public final android.widget.Button getBtnRew()
    public final android.widget.Button getBtnScale()
    public final android.widget.Button getBtnShowAll()
    public final android.widget.Button getBtnShowGroups()
    public final com.bluise.iptv.MainActivity$ChannelAdapter getChannelAdapter()
    public final android.widget.ListView getChannelListView()
    public final android.widget.TextView getChannelNameOverlay()
    public final java.util.HashMap getChannelSourceMap()
    public final android.widget.EditText getDialogNameInput()
    public final android.widget.EditText getDialogUrlInput()
    public final java.util.concurrent.ExecutorService getExecutor()
    public final java.lang.Runnable getHideChannelNameRunnable()
    public final java.lang.Runnable getHideInfoRunnable()
    public final int getLastPlayedIndex()
    public final java.util.ArrayList getMasterChannels()
    public final android.widget.ArrayAdapter getPlaylistAdapter()
    public final int getResizeMode()
    public final java.lang.Runnable getUpdateSeekRunnable()
    public final boolean isProcessing()
    public final boolean isShowingFavorites()
    public final void setBtnBack(android.widget.Button)
com.bluise.iptv.R$drawable
com.bluise.iptv.R$id:
    public static int rootLayout
    private void <init>()
com.bluise.iptv.R$layout:
    private void <init>()
com.bluise.iptv.R$mipmap
com.bluise.iptv.R$string
com.bluise.iptv.R$style
com.bluise.iptv.R$xml
com.bluise.iptv.R
com.bluise.iptv.TvManager:
    public final void setTvMode(boolean)
com.bluise.iptv.core.Channel:
    public final java.lang.String component1()
    public final java.lang.String component10()
    public final java.lang.String component11()
    public final boolean component12()
    public final java.util.Map component13()
    public final java.lang.String component2()
    public final java.lang.String component3()
    public final java.lang.String component4()
    public final java.lang.String component5()
    public final java.lang.String component6()
    public final java.lang.String component7()
    public final java.lang.String component8()
    public final java.lang.String component9()
    public final com.bluise.iptv.core.Channel copy(java.lang.String,java.lang.String,java.lang.String,java.lang.String,java.lang.String,java.lang.String,java.lang.String,java.lang.String,java.lang.String,java.lang.String,java.lang.String,boolean,java.util.Map)
    public static synthetic com.bluise.iptv.core.Channel copy$default(com.bluise.iptv.core.Channel,java.lang.String,java.lang.String,java.lang.String,java.lang.String,java.lang.String,java.lang.String,java.lang.String,java.lang.String,java.lang.String,java.lang.String,java.lang.String,boolean,java.util.Map,int,java.lang.Object)
    public final java.lang.String getCookie()
    public final java.util.Map getCustomHeaders()
    public final java.lang.String getDrmScheme()
    public final java.lang.String getReferer()
    public final boolean isFavorite()
    public final void setFavorite(boolean)
com.bluise.iptv.core.PlayerEngine$Companion:
    public final okhttp3.Dispatcher getDispatcher()
    public static synthetic void isProxyEnabled$annotations()
com.bluise.iptv.core.PlayerEngine$LocalClearKeyCallback:
    public final java.lang.String getKey()
    public final java.lang.String getKeyId()
com.bluise.iptv.core.PlayerEngine:
    private static final long CACHE_EXPIRY_MS
    public static final boolean IS_SPECIAL_EDITION
    public void <init>()
    public static final synthetic okhttp3.Dispatcher access$getDispatcher$cp()
    public static final boolean isProxyEnabled()
    public static final void setProxyEnabled(boolean)
...
com.google.common.base.Absent
com.google.common.base.AbstractIterator$State$EnumUnboxingLocalUtility
com.google.common.base.AbstractIterator$State
com.google.common.base.AbstractIterator
com.google.common.base.Ascii:
    public static int getAlphaIndex(char)
    public static boolean isLowerCase(char)
com.google.common.base.CharMatcher$Any:
    public final com.google.common.base.CharMatcher and(com.google.common.base.CharMatcher)
    public final int indexIn()
    public final int indexIn(java.lang.CharSequence,int)
    public final boolean matchesAllOf(java.lang.CharSequence)
    public final boolean matchesNoneOf()
com.google.common.base.CharMatcher$Is:
    public final com.google.common.base.CharMatcher and(com.google.common.base.CharMatcher)
com.google.common.base.CharMatcher$IsNot:
    public final com.google.common.base.CharMatcher and(com.google.common.base.CharMatcher)
com.google.common.base.CharMatcher$Negated:
    public final boolean matchesAllOf(java.lang.CharSequence)
    public final boolean matchesNoneOf()
com.google.common.base.CharMatcher$None:
    public final com.google.common.base.CharMatcher and(com.google.common.base.CharMatcher)
    public final int indexIn()
    public final int indexIn(java.lang.CharSequence,int)
    public final boolean matchesAllOf(java.lang.CharSequence)
    public final boolean matchesNoneOf()
com.google.common.base.CharMatcher:
    public abstract com.google.common.base.CharMatcher and(com.google.common.base.CharMatcher)
    public final boolean apply(java.lang.Character)
    public abstract int indexIn()
    public abstract int indexIn(java.lang.CharSequence,int)
    public abstract boolean matchesAllOf(java.lang.CharSequence)
    public abstract boolean matchesNoneOf()
com.google.common.base.ExtraObjectsMethodsForWeb
com.google.common.base.Joiner$1
com.google.common.base.Joiner$MapJoiner:
    public final java.lang.String keyValueSeparator
    public static java.lang.StringBuilder appendTo()
    public static java.lang.StringBuilder appendTo$1()
com.google.common.base.Joiner:
    public static java.lang.Appendable appendTo()
    public final void appendTo(java.lang.StringBuilder,java.util.ArrayList)
    public static java.lang.String join()
    public static com.google.common.base.Joiner on()
    public static com.google.common.base.Joiner$MapJoiner withKeyValueSeparator()
com.google.common.base.MoreObjects$1
com.google.common.base.MoreObjects$ToStringHelper$UnconditionalValueHolder
com.google.common.base.MoreObjects$ToStringHelper$ValueHolder:
    public java.lang.String name
com.google.common.base.MoreObjects$ToStringHelper:
    public boolean omitEmptyValues
    public boolean omitNullValues
    public static com.google.common.base.MoreObjects$ToStringHelper addValue()
com.google.common.base.MoreObjects
com.google.common.base.NullnessCasts
com.google.common.base.Optional
com.google.common.base.PatternCompiler
com.google.common.base.Platform$1
com.google.common.base.Platform$JdkPatternCompiler
com.google.common.base.Platform
com.google.common.base.Preconditions:
    public static void checkArgument(boolean,java.lang.String,char)
    public static void checkState(boolean,java.lang.String,java.lang.Object,java.lang.String)
com.google.common.base.Predicates$1
com.google.common.base.Predicates$ObjectPredicate:
    public static final enum com.google.common.base.Predicates$ObjectPredicate$2 ALWAYS_FALSE
    public static final enum com.google.common.base.Predicates$ObjectPredicate$3 IS_NULL
    public static final enum com.google.common.base.Predicates$ObjectPredicate$4 NOT_NULL
    public abstract com.google.common.base.Predicate withNarrowedType()
com.google.common.base.Predicates
com.google.common.base.Present
com.google.common.base.Splitter$1:
    public final com.google.common.base.Splitter$SplittingIterator iterator()
com.google.common.base.Splitter$2:
    public final com.google.common.base.Splitter$SplittingIterator iterator()